<?xml version="1.0" encoding="UTF-8"?>
<Site BuildName="(empty)"
	BuildStamp="20241202-0452-Experimental"
	Name="ubuntu-Legion-Pro-5-16IRX8"
	Generator="ctest-3.22.1"
	CompilerName="/usr/bin/g++"
	CompilerVersion="11.4.0"
	OSName="Linux"
	Hostname="ubuntu-Legion-Pro-5-16IRX8"
	OSRelease="6.8.0-48-generic"
	OSVersion="#48~22.04.1-Ubuntu SMP PREEMPT_DYNAMIC Mon Oct  7 11:24:13 UTC 2"
	OSPlatform="x86_64"
	Is64Bits="1"
	VendorString="GenuineIntel"
	VendorID="Intel Corporation"
	FamilyID="6"
	ModelID="183"
	ProcessorCacheSize="36864"
	NumberOfLogicalCPU="32"
	NumberOfPhysicalCPU="24"
	TotalVirtualMemory="4585"
	TotalPhysicalMemory="31894"
	LogicalProcessorsPerPhysical="1"
	ProcessorClockFrequency="1700.33"
	>
	<Testing>
		<StartDateTime>Dec 01 23:55 EST</StartDateTime>
		<StartTestTime>1733115334</StartTestTime>
		<TestList/>
		<EndDateTime>Dec 01 23:55 EST</EndDateTime>
		<EndTestTime>1733115334</EndTestTime>
		<ElapsedMinutes>0</ElapsedMinutes>
	</Testing>
</Site>
